Case #1: CAB
Case #2: MJA
Case #3: OCDE
Case #4: BBAAA
Case #5: CCCABBBAB
Case #6: CCCBAABAB
Case #7: ZXCASDQWE
Case #8: Z
Case #9: BA
Case #10: MMHECBALKJIGFDA
Case #11: DDCCCBBBAAABB
Case #12: MMLKIHFCBADEGJA
Case #13: BB
Case #14: CCCCCAAABBABBAB
Case #15: ZWMDLJLXDSQNVWY
Case #16: CCBBBBBBBBAAAA
Case #17: OMJLBGKHDFAECNI
Case #18: CCCCCCCBAAABBBB
Case #19: CCCCCBBBBBAAAAA
Case #20: CCCCCBBBBBAAAAA
Case #21: ZADBC
Case #22: BBA
Case #23: CBBBBBBBAAAAAA
Case #24: CBA
Case #25: CCBAAAAAAAAAB
Case #26: CCCCBBABBABBBAA
Case #27: CCCCCCBBABBABAA
Case #28: CCCCCBBBBBABABB
Case #29: ZACBA
Case #30: ZAAAA
Case #31: ZAYBXCWDUE
Case #32: AAA
Case #33: CCCCCCBABBBABAB
Case #34: ZZTLFJBBVPGTGWX
Case #35: BBA
Case #36: OECDNHMGFJKLABI
Case #37: BBBBBBBBAAAAAAA
Case #38: AA
Case #39: CCCCCAAABAABAAB
Case #40: ZDCBA
Case #41: CCCCCBBBBBAAAAA
Case #42: ZXWRBDTGGJPGWBL
Case #43: DCBBAAAAAAAAAA
Case #44: DCCCBAAAAAAAA
Case #45: ZABYCXDWEU
Case #46: ONHGFEDACBJKLMI
Case #47: BAAA
Case #48: MMLKJIHGFDBAECA
Case #49: ZDABC
Case #50: ONMKBIEFGHJLADC
Case #51: ZEDCBAYXWU
Case #52: CCCCCBBBBBAAAAA
Case #53: WTSMLGLFMNNLBDM
Case #54: CCCCCBBBBAAABAA
Case #55: CCCCCBABBABABBB
Case #56: BAA
Case #57: CBA
Case #58: MMLJHGFCABDEIKA
Case #59: ZWPKKPVRFLJVGQX
Case #60: CCCCCBABABBABAB
Case #61: BA
Case #62: CCCCABBAAAABBBA
Case #63: DCBAAAAAACCCB
Case #64: DCCBBAAAAAAAAA
Case #65: CCCBBBAABAABBBA
Case #66: OJDCBAGHIEKLMNF
Case #67: MMLJHEDCBAFGIKA
Case #68: CCCCCBAAAABBABA
Case #69: OMNLKJIDGBEHCFA
Case #70: ONMJICBADEFGHLK
Case #71: CCCCCCABAABAAAA
Case #72: BBB
Case #73: ONMLIKCAJGFEDHB
Case #74: CBA
Case #75: BAAA
Case #76: CCCCCBBBBBAAAAA
Case #77: CCCCBAAAABAABBA
Case #78: BAAA
Case #79: BBBBBAAAAAAAA
Case #80: BAA
Case #81: OMNLKJIHGDAFCBE
Case #82: BBA
Case #83: CCCCCBBBBAABAAA
Case #84: MMLJIHGEDAAKFCB
Case #85: CBA
Case #86: CAB
Case #87: BAAA
Case #88: CCCAABBBABAAABA
Case #89: CCBBBAAAAAAAB
Case #90: CBBBBBBAAAABB
Case #91: CCCCCBBBBBAAAAA
Case #92: CCCCCCCCCCBAABA
Case #93: CCCCCBBBBBAAAAA
Case #94: CCCCBBBAAAAABBB
Case #95: CCCCBBBAAABBAAB
Case #96: BAA
Case #97: ONMBEJLHKFDGCIA
Case #98: RRBAACADABA
Case #99: ZABCD
Case #100: A
