Case #1:
100 2 3 2 5 2 7 2 3 2 
110 2 2 2 2 2 2 2 2 2 
1000 2 3 2 5 2 7 2 3 2 
1010 2 2 2 2 2 2 2 2 2 
1100 2 2 2 2 2 2 2 2 2 
1110 2 3 2 5 2 3 2 3 2 
10000 2 3 2 5 2 7 2 3 2 
10010 2 2 2 2 2 2 2 2 2 
10100 2 2 2 2 2 2 2 2 2 
10110 2 3 2 5 2 3 2 3 2 
11000 2 2 2 2 2 2 2 2 2 
11010 2 3 2 5 2 3 2 3 2 
11100 2 3 2 5 2 3 2 3 2 
11110 2 2 2 2 2 2 2 2 2 
100000 2 3 2 5 2 7 2 3 2 
100010 2 2 2 2 2 2 2 2 2 
100100 2 2 2 2 2 2 2 2 2 
100110 2 3 2 5 2 3 2 3 2 
101000 2 2 2 2 2 2 2 2 2 
101010 2 3 2 3 2 3 2 3 2 
101100 2 3 2 5 2 3 2 3 2 
101110 2 2 2 2 2 2 2 2 2 
110000 2 2 2 2 2 2 2 2 2 
110010 2 3 2 5 2 3 2 3 2 
110100 2 3 2 5 2 3 2 3 2 
110110 2 2 2 2 2 2 2 2 2 
111000 2 3 2 5 2 3 2 3 2 
111010 2 2 2 2 2 2 2 2 2 
111100 2 2 2 2 2 2 2 2 2 
111110 2 3 2 5 2 7 2 3 2 
1000000 2 3 2 5 2 7 2 3 2 
1000010 2 2 2 2 2 2 2 2 2 
1000100 2 2 2 2 2 2 2 2 2 
1000110 2 3 2 5 2 3 2 3 2 
1001000 2 2 2 2 2 2 2 2 2 
1001010 2 3 2 5 2 3 2 3 2 
1001100 2 3 2 5 2 3 2 3 2 
1001110 2 2 2 2 2 2 2 2 2 
1010000 2 2 2 2 2 2 2 2 2 
1010010 2 3 2 5 2 3 2 3 2 
1010100 2 3 2 3 2 3 2 3 2 
1010110 2 2 2 2 2 2 2 2 2 
1011000 2 3 2 5 2 3 2 3 2 
1011010 2 2 2 2 2 2 2 2 2 
1011100 2 2 2 2 2 2 2 2 2 
1011110 2 3 2 5 2 7 2 3 2 
1100000 2 2 2 2 2 2 2 2 2 
1100010 2 3 2 5 2 3 2 3 2 
1100100 2 3 2 5 2 3 2 3 2 
1100110 2 2 2 2 2 2 2 2 2 
1101000 2 3 2 5 2 3 2 3 2 
1101010 2 2 2 2 2 2 2 2 2 
1101100 2 2 2 2 2 2 2 2 2 
1101110 2 3 2 5 2 5 2 3 2 
1110000 2 3 2 5 2 3 2 3 2 
1110010 2 2 2 2 2 2 2 2 2 
1110100 2 2 2 2 2 2 2 2 2 
1110110 2 3 2 5 2 7 2 3 2 
1111000 2 2 2 2 2 2 2 2 2 
1111010 2 3 2 5 2 7 2 3 2 
1111100 2 3 2 5 2 7 2 3 2 
1111110 2 2 2 2 2 2 2 2 2 
10000000 2 3 2 5 2 7 2 3 2 
10000010 2 2 2 2 2 2 2 2 2 
10000100 2 2 2 2 2 2 2 2 2 
10000110 2 3 2 5 2 3 2 3 2 
10001000 2 2 2 2 2 2 2 2 2 
10001010 2 3 2 3 2 3 2 3 2 
10001100 2 3 2 5 2 3 2 3 2 
10001110 2 2 2 2 2 2 2 2 2 
10010000 2 2 2 2 2 2 2 2 2 
10010010 2 3 2 5 2 3 2 3 2 
10010100 2 3 2 5 2 3 2 3 2 
10010110 2 2 2 2 2 2 2 2 2 
10011000 2 3 2 5 2 3 2 3 2 
10011010 2 2 2 2 2 2 2 2 2 
10011100 2 2 2 2 2 2 2 2 2 
10011110 2 3 2 5 2 7 2 3 2 
10100000 2 2 2 2 2 2 2 2 2 
10100010 2 3 2 3 2 3 2 3 2 
10100100 2 3 2 5 2 3 2 3 2 
10100110 2 2 2 2 2 2 2 2 2 
10101000 2 3 2 3 2 3 2 3 2 
10101010 2 2 2 2 2 2 2 2 2 
10101100 2 2 2 2 2 2 2 2 2 
10101110 2 3 2 3 2 7 2 3 2 
10110000 2 3 2 5 2 3 2 3 2 
10110010 2 2 2 2 2 2 2 2 2 
10110100 2 2 2 2 2 2 2 2 2 
10110110 2 3 2 5 2 7 2 3 2 
10111000 2 2 2 2 2 2 2 2 2 
10111010 2 3 2 3 2 7 2 3 2 
10111100 2 3 2 5 2 7 2 3 2 
10111110 2 2 2 2 2 2 2 2 2 
11000000 2 2 2 2 2 2 2 2 2 
11000010 2 3 2 5 2 3 2 3 2 
11000100 2 3 2 5 2 3 2 3 2 
11000110 2 2 2 2 2 2 2 2 2 
11001000 2 3 2 5 2 3 2 3 2 
11001010 2 2 2 2 2 2 2 2 2 
11001100 2 2 2 2 2 2 2 2 2 
11001110 2 3 2 5 2 7 2 3 2 
11010000 2 3 2 5 2 3 2 3 2 
11010010 2 2 2 2 2 2 2 2 2 
11010100 2 2 2 2 2 2 2 2 2 
11010110 2 3 2 5 2 7 2 3 2 
11011000 2 2 2 2 2 2 2 2 2 
11011010 2 3 2 5 2 7 2 3 2 
11011100 2 3 2 5 2 5 2 3 2 
11011110 2 2 2 2 2 2 2 2 2 
11100000 2 3 2 5 2 3 2 3 2 
11100010 2 2 2 2 2 2 2 2 2 
11100100 2 2 2 2 2 2 2 2 2 
11100110 2 3 2 5 2 5 2 3 2 
11101000 2 2 2 2 2 2 2 2 2 
11101010 2 3 2 3 2 7 2 3 2 
11101100 2 3 2 5 2 7 2 3 2 
11101110 2 2 2 2 2 2 2 2 2 
11110000 2 2 2 2 2 2 2 2 2 
11110010 2 3 2 5 2 7 2 3 2 
11110100 2 3 2 5 2 7 2 3 2 
11110110 2 2 2 2 2 2 2 2 2 
11111000 2 3 2 5 2 7 2 3 2 
11111010 2 2 2 2 2 2 2 2 2 
11111100 2 2 2 2 2 2 2 2 2 
11111110 2 3 2 5 2 7 2 3 2 
100000000 2 3 2 5 2 7 2 3 2 
100000010 2 2 2 2 2 2 2 2 2 
100000100 2 2 2 2 2 2 2 2 2 
100000110 2 3 2 5 2 3 2 3 2 
100001000 2 2 2 2 2 2 2 2 2 
100001010 2 3 2 5 2 3 2 3 2 
100001100 2 3 2 5 2 3 2 3 2 
100001110 2 2 2 2 2 2 2 2 2 
100010000 2 2 2 2 2 2 2 2 2 
100010010 2 3 2 5 2 3 2 3 2 
100010100 2 3 2 3 2 3 2 3 2 
100010110 2 2 2 2 2 2 2 2 2 
100011000 2 3 2 5 2 3 2 3 2 
100011010 2 2 2 2 2 2 2 2 2 
100011100 2 2 2 2 2 2 2 2 2 
100011110 2 3 2 5 2 7 2 3 2 
100100000 2 2 2 2 2 2 2 2 2 
100100010 2 3 2 5 2 3 2 3 2 
100100100 2 3 2 5 2 3 2 3 2 
100100110 2 2 2 2 2 2 2 2 2 
100101000 2 3 2 5 2 3 2 3 2 
100101010 2 2 2 2 2 2 2 2 2 
100101100 2 2 2 2 2 2 2 2 2 
100101110 2 3 2 5 2 7 2 3 2 
100110000 2 3 2 5 2 3 2 3 2 
100110010 2 2 2 2 2 2 2 2 2 
100110100 2 2 2 2 2 2 2 2 2 
100110110 2 3 2 5 2 5 2 3 2 
100111000 2 2 2 2 2 2 2 2 2 
100111010 2 3 2 5 2 7 2 3 2 
100111100 2 3 2 5 2 7 2 3 2 
100111110 2 2 2 2 2 2 2 2 2 
101000000 2 2 2 2 2 2 2 2 2 
101000010 2 3 2 5 2 3 2 3 2 
101000100 2 3 2 3 2 3 2 3 2 
101000110 2 2 2 2 2 2 2 2 2 
101001000 2 3 2 5 2 3 2 3 2 
101001010 2 2 2 2 2 2 2 2 2 
101001100 2 2 2 2 2 2 2 2 2 
101001110 2 3 2 5 2 7 2 3 2 
101010000 2 3 2 3 2 3 2 3 2 
101010010 2 2 2 2 2 2 2 2 2 
101010100 2 2 2 2 2 2 2 2 2 
101010110 2 3 2 3 2 7 2 3 2 
101011000 2 2 2 2 2 2 2 2 2 
101011010 2 3 2 5 2 7 2 3 2 
101011100 2 3 2 3 2 7 2 3 2 
101011110 2 2 2 2 2 2 2 2 2 
101100000 2 3 2 5 2 3 2 3 2 
101100010 2 2 2 2 2 2 2 2 2 
101100100 2 2 2 2 2 2 2 2 2 
101100110 2 3 2 5 2 7 2 3 2 
101101000 2 2 2 2 2 2 2 2 2 
101101010 2 3 2 5 2 7 2 3 2 
101101100 2 3 2 5 2 7 2 3 2 
101101110 2 2 2 2 2 2 2 2 2 
101110000 2 2 2 2 2 2 2 2 2 
101110010 2 3 2 5 2 5 2 3 2 
101110100 2 3 2 3 2 7 2 3 2 
101110110 2 2 2 2 2 2 2 2 2 
101111000 2 3 2 5 2 7 2 3 2 
101111010 2 2 2 2 2 2 2 2 2 
101111100 2 2 2 2 2 2 2 2 2 
101111110 2 3 2 5 2 7 2 3 2 
110000000 2 2 2 2 2 2 2 2 2 
110000010 2 3 2 5 2 3 2 3 2 
110000100 2 3 2 5 2 3 2 3 2 
110000110 2 2 2 2 2 2 2 2 2 
110001000 2 3 2 5 2 3 2 3 2 
110001010 2 2 2 2 2 2 2 2 2 
110001100 2 2 2 2 2 2 2 2 2 
110001110 2 3 2 5 2 7 2 3 2 
110010000 2 3 2 5 2 3 2 3 2 
110010010 2 2 2 2 2 2 2 2 2 
110010100 2 2 2 2 2 2 2 2 2 
110010110 2 3 2 5 2 7 2 3 2 
110011000 2 2 2 2 2 2 2 2 2 
110011010 2 3 2 5 2 5 2 3 2 
110011100 2 3 2 5 2 7 2 3 2 
110011110 2 2 2 2 2 2 2 2 2 
110100000 2 3 2 5 2 3 2 3 2 
110100010 2 2 2 2 2 2 2 2 2 
110100100 2 2 2 2 2 2 2 2 2 
110100110 2 3 2 5 2 7 2 3 2 
110101000 2 2 2 2 2 2 2 2 2 
110101010 2 3 2 3 2 7 2 3 2 
110101100 2 3 2 5 2 7 2 3 2 
110101110 2 2 2 2 2 2 2 2 2 
110110000 2 2 2 2 2 2 2 2 2 
110110010 2 3 2 5 2 7 2 3 2 
110110100 2 3 2 5 2 7 2 3 2 
110110110 2 2 2 2 2 2 2 2 2 
110111000 2 3 2 5 2 5 2 3 2 
110111010 2 2 2 2 2 2 2 2 2 
110111100 2 2 2 2 2 2 2 2 2 
110111110 2 3 2 5 2 7 2 3 2 
111000000 2 3 2 5 2 3 2 3 2 
111000010 2 2 2 2 2 2 2 2 2 
111000100 2 2 2 2 2 2 2 2 2 
111000110 2 3 2 5 2 7 2 3 2 
111001000 2 2 2 2 2 2 2 2 2 
111001010 2 3 2 5 2 7 2 3 2 
111001100 2 3 2 5 2 5 2 3 2 
111001110 2 2 2 2 2 2 2 2 2 
111010000 2 2 2 2 2 2 2 2 2 
111010010 2 3 2 5 2 7 2 3 2 
111010100 2 3 2 3 2 7 2 3 2 
111010110 2 2 2 2 2 2 2 2 2 
111011000 2 3 2 5 2 7 2 3 2 
111011010 2 2 2 2 2 2 2 2 2 
111011100 2 2 2 2 2 2 2 2 2 
111011110 2 3 2 5 2 7 2 3 2 
111100000 2 2 2 2 2 2 2 2 2 
111100010 2 3 2 5 2 7 2 3 2 
111100100 2 3 2 5 2 7 2 3 2 
111100110 2 2 2 2 2 2 2 2 2 
111101000 2 3 2 5 2 7 2 3 2 
111101010 2 2 2 2 2 2 2 2 2 
111101100 2 2 2 2 2 2 2 2 2 
111101110 2 3 2 5 2 7 2 3 2 
111110000 2 3 2 5 2 7 2 3 2 
111110010 2 2 2 2 2 2 2 2 2 
111110100 2 2 2 2 2 2 2 2 2 
111110110 2 3 2 5 2 7 2 3 2 
111111000 2 2 2 2 2 2 2 2 2 
111111010 2 3 2 5 2 7 2 3 2 
111111100 2 3 2 5 2 7 2 3 2 
111111110 2 2 2 2 2 2 2 2 2 
1000000000 2 3 2 5 2 7 2 3 2 
1000000010 2 2 2 2 2 2 2 2 2 
1000000100 2 2 2 2 2 2 2 2 2 
1000000110 2 3 2 5 2 3 2 3 2 
1000001000 2 2 2 2 2 2 2 2 2 
1000001010 2 3 2 3 2 3 2 3 2 
1000001100 2 3 2 5 2 3 2 3 2 
1000001110 2 2 2 2 2 2 2 2 2 
1000010000 2 2 2 2 2 2 2 2 2 
1000010010 2 3 2 5 2 3 2 3 2 
1000010100 2 3 2 5 2 3 2 3 2 
1000010110 2 2 2 2 2 2 2 2 2 
1000011000 2 3 2 5 2 3 2 3 2 
1000011010 2 2 2 2 2 2 2 2 2 
1000011100 2 2 2 2 2 2 2 2 2 
1000011110 2 3 2 5 2 7 2 3 2 
1000100000 2 2 2 2 2 2 2 2 2 
1000100010 2 3 2 3 2 3 2 3 2 
1000100100 2 3 2 5 2 3 2 3 2 
1000100110 2 2 2 2 2 2 2 2 2 
1000101000 2 3 2 3 2 3 2 3 2 
1000101010 2 2 2 2 2 2 2 2 2 
1000101100 2 2 2 2 2 2 2 2 2 
1000101110 2 3 2 3 2 7 2 3 2 
1000110000 2 3 2 5 2 3 2 3 2 
1000110010 2 2 2 2 2 2 2 2 2 
1000110100 2 2 2 2 2 2 2 2 2 
1000110110 2 3 2 5 2 7 2 3 2 
1000111000 2 2 2 2 2 2 2 2 2 
1000111010 2 3 2 3 2 5 2 3 2 
1000111100 2 3 2 5 2 7 2 3 2 
1000111110 2 2 2 2 2 2 2 2 2 
1001000000 2 2 2 2 2 2 2 2 2 
1001000010 2 3 2 5 2 3 2 3 2 
1001000100 2 3 2 5 2 3 2 3 2 
1001000110 2 2 2 2 2 2 2 2 2 
1001001000 2 3 2 5 2 3 2 3 2 
1001001010 2 2 2 2 2 2 2 2 2 
1001001100 2 2 2 2 2 2 2 2 2 
1001001110 2 3 2 5 2 5 2 3 2 
1001010000 2 3 2 5 2 3 2 3 2 
1001010010 2 2 2 2 2 2 2 2 2 
1001010100 2 2 2 2 2 2 2 2 2 
1001010110 2 3 2 5 2 7 2 3 2 
1001011000 2 2 2 2 2 2 2 2 2 
1001011010 2 3 2 5 2 7 2 3 2 
1001011100 2 3 2 5 2 7 2 3 2 
1001011110 2 2 2 2 2 2 2 2 2 
1001100000 2 3 2 5 2 3 2 3 2 
1001100010 2 2 2 2 2 2 2 2 2 
1001100100 2 2 2 2 2 2 2 2 2 
1001100110 2 3 2 5 2 7 2 3 2 
1001101000 2 2 2 2 2 2 2 2 2 
1001101010 2 3 2 3 2 7 2 3 2 
1001101100 2 3 2 5 2 5 2 3 2 
1001101110 2 2 2 2 2 2 2 2 2 
1001110000 2 2 2 2 2 2 2 2 2 
1001110010 2 3 2 5 2 7 2 3 2 
1001110100 2 3 2 5 2 7 2 3 2 
1001110110 2 2 2 2 2 2 2 2 2 
1001111000 2 3 2 5 2 7 2 3 2 
1001111010 2 2 2 2 2 2 2 2 2 
1001111100 2 2 2 2 2 2 2 2 2 
1001111110 2 3 2 5 2 7 2 3 2 
1010000000 2 2 2 2 2 2 2 2 2 
1010000010 2 3 2 3 2 3 2 3 2 
1010000100 2 3 2 5 2 3 2 3 2 
1010000110 2 2 2 2 2 2 2 2 2 
1010001000 2 3 2 3 2 3 2 3 2 
1010001010 2 2 2 2 2 2 2 2 2 
1010001100 2 2 2 2 2 2 2 2 2 
1010001110 2 3 2 3 2 7 2 3 2 
1010010000 2 3 2 5 2 3 2 3 2 
1010010010 2 2 2 2 2 2 2 2 2 
1010010100 2 2 2 2 2 2 2 2 2 
1010010110 2 3 2 5 2 7 2 3 2 
1010011000 2 2 2 2 2 2 2 2 2 
1010011010 2 3 2 3 2 7 2 3 2 
1010011100 2 3 2 5 2 7 2 3 2 
1010011110 2 2 2 2 2 2 2 2 2 
1010100000 2 3 2 3 2 3 2 3 2 
1010100010 2 2 2 2 2 2 2 2 2 
1010100100 2 2 2 2 2 2 2 2 2 
1010100110 2 3 2 3 2 7 2 3 2 
1010101000 2 2 2 2 2 2 2 2 2 
1010101010 2 3 2 5 2 7 2 3 2 
1010101100 2 3 2 3 2 7 2 3 2 
1010101110 2 2 2 2 2 2 2 2 2 
1010110000 2 2 2 2 2 2 2 2 2 
1010110010 2 3 2 3 2 5 2 3 2 
1010110100 2 3 2 5 2 7 2 3 2 
1010110110 2 2 2 2 2 2 2 2 2 
1010111000 2 3 2 3 2 7 2 3 2 
1010111010 2 2 2 2 2 2 2 2 2 
1010111100 2 2 2 2 2 2 2 2 2 
1010111110 2 3 2 3 2 7 2 3 2 
1011000000 2 3 2 5 2 3 2 3 2 
1011000010 2 2 2 2 2 2 2 2 2 
1011000100 2 2 2 2 2 2 2 2 2 
1011000110 2 3 2 5 2 5 2 3 2 
1011001000 2 2 2 2 2 2 2 2 2 
1011001010 2 3 2 3 2 7 2 3 2 
1011001100 2 3 2 5 2 7 2 3 2 
1011001110 2 2 2 2 2 2 2 2 2 
1011010000 2 2 2 2 2 2 2 2 2 
1011010010 2 3 2 5 2 7 2 3 2 
1011010100 2 3 2 5 2 7 2 3 2 
1011010110 2 2 2 2 2 2 2 2 2 
1011011000 2 3 2 5 2 7 2 3 2 
1011011010 2 2 2 2 2 2 2 2 2 
1011011100 2 2 2 2 2 2 2 2 2 
1011011110 2 3 2 5 2 7 2 3 2 
1011100000 2 2 2 2 2 2 2 2 2 
1011100010 2 3 2 3 2 7 2 3 2 
1011100100 2 3 2 5 2 5 2 3 2 
1011100110 2 2 2 2 2 2 2 2 2 
1011101000 2 3 2 3 2 7 2 3 2 
1011101010 2 2 2 2 2 2 2 2 2 
1011101100 2 2 2 2 2 2 2 2 2 
1011101110 2 3 2 3 2 5 2 3 2 
1011110000 2 3 2 5 2 7 2 3 2 
1011110010 2 2 2 2 2 2 2 2 2 
1011110100 2 2 2 2 2 2 2 2 2 
1011110110 2 3 2 5 2 7 2 3 2 
1011111000 2 2 2 2 2 2 2 2 2 
1011111010 2 3 2 3 2 7 2 3 2 
1011111100 2 3 2 5 2 7 2 3 2 
1011111110 2 2 2 2 2 2 2 2 2 
1100000000 2 2 2 2 2 2 2 2 2 
1100000010 2 3 2 5 2 3 2 3 2 
1100000100 2 3 2 5 2 3 2 3 2 
1100000110 2 2 2 2 2 2 2 2 2 
1100001000 2 3 2 5 2 3 2 3 2 
1100001010 2 2 2 2 2 2 2 2 2 
1100001100 2 2 2 2 2 2 2 2 2 
1100001110 2 3 2 5 2 7 2 3 2 
1100010000 2 3 2 5 2 3 2 3 2 
1100010010 2 2 2 2 2 2 2 2 2 
1100010100 2 2 2 2 2 2 2 2 2 
1100010110 2 3 2 5 2 5 2 3 2 
1100011000 2 2 2 2 2 2 2 2 2 
1100011010 2 3 2 5 2 7 2 3 2 
1100011100 2 3 2 5 2 7 2 3 2 
1100011110 2 2 2 2 2 2 2 2 2 
1100100000 2 3 2 5 2 3 2 3 2 
1100100010 2 2 2 2 2 2 2 2 2 
1100100100 2 2 2 2 2 2 2 2 2 
1100100110 2 3 2 5 2 7 2 3 2 
1100101000 2 2 2 2 2 2 2 2 2 
1100101010 2 3 2 3 2 5 2 3 2 
1100101100 2 3 2 5 2 7 2 3 2 
1100101110 2 2 2 2 2 2 2 2 2 
1100110000 2 2 2 2 2 2 2 2 2 
1100110010 2 3 2 5 2 7 2 3 2 
1100110100 2 3 2 5 2 5 2 3 2 
1100110110 2 2 2 2 2 2 2 2 2 
1100111000 2 3 2 5 2 7 2 3 2 
1100111010 2 2 2 2 2 2 2 2 2 
1100111100 2 2 2 2 2 2 2 2 2 
1100111110 2 3 2 5 2 5 2 3 2 
1101000000 2 3 2 5 2 3 2 3 2 
1101000010 2 2 2 2 2 2 2 2 2 
1101000100 2 2 2 2 2 2 2 2 2 
1101000110 2 3 2 5 2 7 2 3 2 
1101001000 2 2 2 2 2 2 2 2 2 
1101001010 2 3 2 5 2 7 2 3 2 
1101001100 2 3 2 5 2 7 2 3 2 
1101001110 2 2 2 2 2 2 2 2 2 
1101010000 2 2 2 2 2 2 2 2 2 
1101010010 2 3 2 5 2 5 2 3 2 
1101010100 2 3 2 3 2 7 2 3 2 
1101010110 2 2 2 2 2 2 2 2 2 
1101011000 2 3 2 5 2 7 2 3 2 
1101011010 2 2 2 2 2 2 2 2 2 
1101011100 2 2 2 2 2 2 2 2 2 
1101011110 2 3 2 5 2 7 2 3 2 
1101100000 2 2 2 2 2 2 2 2 2 
1101100010 2 3 2 5 2 7 2 3 2 
1101100100 2 3 2 5 2 7 2 3 2 
1101100110 2 2 2 2 2 2 2 2 2 
1101101000 2 3 2 5 2 7 2 3 2 
1101101010 2 2 2 2 2 2 2 2 2 
1101101100 2 2 2 2 2 2 2 2 2 
1101101110 2 3 2 5 2 7 2 3 2 
1101110000 2 3 2 5 2 5 2 3 2 
1101110010 2 2 2 2 2 2 2 2 2 
1101110100 2 2 2 2 2 2 2 2 2 
1101110110 2 3 2 5 2 7 2 3 2 
1101111000 2 2 2 2 2 2 2 2 2 
1101111010 2 3 2 5 2 5 2 3 2 
1101111100 2 3 2 5 2 7 2 3 2 
1101111110 2 2 2 2 2 2 2 2 2 
1110000000 2 3 2 5 2 3 2 3 2 
1110000010 2 2 2 2 2 2 2 2 2 
1110000100 2 2 2 2 2 2 2 2 2 
1110000110 2 3 2 5 2 7 2 3 2 
1110001000 2 2 2 2 2 2 2 2 2 
1110001010 2 3 2 3 2 7 2 3 2 
1110001100 2 3 2 5 2 7 2 3 2 
1110001110 2 2 2 2 2 2 2 2 2 
1110010000 2 2 2 2 2 2 2 2 2 
1110010010 2 3 2 5 2 7 2 3 2 
1110010100 2 3 2 5 2 7 2 3 2 
1110010110 2 2 2 2 2 2 2 2 2 
1110011000 2 3 2 5 2 5 2 3 2 
1110011010 2 2 2 2 2 2 2 2 2 
1110011100 2 2 2 2 2 2 2 2 2 
1110011110 2 3 2 5 2 7 2 3 2 
1110100000 2 2 2 2 2 2 2 2 2 
1110100010 2 3 2 3 2 5 2 3 2 
1110100100 2 3 2 5 2 7 2 3 2 
1110100110 2 2 2 2 2 2 2 2 2 
1110101000 2 3 2 3 2 7 2 3 2 
1110101010 2 2 2 2 2 2 2 2 2 
1110101100 2 2 2 2 2 2 2 2 2 
1110101110 2 3 2 3 2 7 2 3 2 
1110110000 2 3 2 5 2 7 2 3 2 
1110110010 2 2 2 2 2 2 2 2 2 
1110110100 2 2 2 2 2 2 2 2 2 
1110110110 2 3 2 5 2 5 2 3 2 
1110111000 2 2 2 2 2 2 2 2 2 
1110111010 2 3 2 3 2 7 2 3 2 
1110111100 2 3 2 5 2 7 2 3 2 
1110111110 2 2 2 2 2 2 2 2 2 
1111000000 2 2 2 2 2 2 2 2 2 
1111000010 2 3 2 5 2 7 2 3 2 
1111000100 2 3 2 5 2 7 2 3 2 
1111000110 2 2 2 2 2 2 2 2 2 
1111001000 2 3 2 5 2 7 2 3 2 
1111001010 2 2 2 2 2 2 2 2 2 
1111001100 2 2 2 2 2 2 2 2 2 
1111001110 2 3 2 5 2 7 2 3 2 
1111010000 2 3 2 5 2 7 2 3 2 
1111010010 2 2 2 2 2 2 2 2 2 
1111010100 2 2 2 2 2 2 2 2 2 
1111010110 2 3 2 5 2 7 2 3 2 
1111011000 2 2 2 2 2 2 2 2 2 
1111011010 2 3 2 5 2 7 2 3 2 
1111011100 2 3 2 5 2 7 2 3 2 
1111011110 2 2 2 2 2 2 2 2 2 
1111100000 2 3 2 5 2 7 2 3 2 
1111100010 2 2 2 2 2 2 2 2 2 
1111100100 2 2 2 2 2 2 2 2 2 
1111100110 2 3 2 5 2 7 2 3 2 
1111101000 2 2 2 2 2 2 2 2 2 
1111101010 2 3 2 3 2 7 2 3 2 
