Case #1:
CAB
Case #2:
MJA
Case #3:
OCDE
Case #4:
BBAAA
Case #5:
CCCABBBAB
Case #6:
CCCBAABAB
Case #7:
ZXCASDQWE
Case #8:
CCCAAAAAAAABAAB
Case #9:
CCCCCBBBABAAAAB
Case #10:
BBBBBAAAAAAAA
Case #11:
BAAA
Case #12:
BAA
Case #13:
ZACBA
Case #14:
CBA
Case #15:
OKBCDEHIJAFLMGN
Case #16:
A
Case #17:
BAA
Case #18:
CCCCCBBBBBAAAAA
Case #19:
OMJIGBAFHKDELNC
Case #20:
Z
Case #21:
ZDCBA
Case #22:
ZABCD
Case #23:
CCBBBBAAAAABA
Case #24:
ZDABC
Case #25:
CCCCCBBBBBAAAAA
Case #26:
BBA
Case #27:
CCCCCBBBBBAAAAA
Case #28:
CCCBAABBBAABBBA
Case #29:
CCCCCBBBBABAAAA
Case #30:
AA
Case #31:
DCBBBBBAAAAABB
Case #32:
DDDCBBAAAAAACA
Case #33:
MMLKFEDAJIHGCBA
Case #34:
CCCCCBAAAABAABA
Case #35:
ZZPQQVHDQBXVSRB
Case #36:
BA
Case #37:
BAAA
Case #38:
CCCCCCAAAAABAAA
Case #39:
BBA
Case #40:
BBB
Case #41:
CCCCCBBABBBBABA
Case #42:
DDDCCBAAABCCA
Case #43:
CCCCCCAAAABAABA
Case #44:
CCCCCAABBABBAAA
Case #45:
BAA
Case #46:
OGBLKHMCIFEDANJ
Case #47:
CCCCCBBBBBABAA
Case #48:
CBBBBAAAAAAAAA
Case #49:
BB
Case #50:
CBA
Case #51:
CCCCCBBAAAAABBB
Case #52:
CCCCCBBAAAAAAAA
Case #53:
CCCCCBAAABBABAB
Case #54:
BA
Case #55:
CBA
Case #56:
CCCCBBBAAAAAA
Case #57:
ONMLKJIHGACEBFD
Case #58:
OFNLKJHIGMEDCBA
Case #59:
BBA
Case #60:
CCCCCCBBABBBBBB
Case #61:
CCCCCCCCCBABBBA
Case #62:
RRBAACADABA
Case #63:
CCCCBAAABBBBABA
Case #64:
CCCCCBBAAAABBBB
Case #65:
ONMACBFGEILHDJK
Case #66:
ZAAAA
Case #67:
CCBBBAAAAAAAABA
Case #68:
YWKGJFJSDFSKPSS
Case #69:
YYYXFLNJKVMMSMM
Case #70:
ZABYCXDWEU
Case #71:
CCCCCCBBBAAABBA
Case #72:
CCCCCCBABBBAAAB
Case #73:
CCCCCBBBBBAAAAA
Case #74:
MMGFECABDHIJKLA
Case #75:
ONKILJEHGFCDMBA
Case #76:
XXTHGRTTLDVTLKR
Case #77:
BAAA
Case #78:
ZADBC
Case #79:
MMBEGJALKIHFDCA
Case #80:
MMLKJHGCBADEFIA
Case #81:
OEMGKCIHLFNDJBA
Case #82:
ZVKBLYBNHWFHRKP
Case #83:
ZAYBXCWDUE
Case #84:
CCCCCAABBBBAABB
Case #85:
AAA
Case #86:
ZEDCBAYXWU
Case #87:
CCCCCBBBBBAAAAA
Case #88:
DCCCBBBBBBAAAA
Case #89:
CBA
Case #90:
MMKIHGCABDEFJLA
Case #91:
CCCCCBBBBAAAAAB
Case #92:
ONLJBCHIAGFKDME
Case #93:
OMLKJIHBCDEFGAN
Case #94:
BAAA
Case #95:
CCCCCAAAABBBBBA
Case #96:
CCCCCABBBBBAAAA
Case #97:
MMKGEDCBALJIHFA
Case #98:
DCBBBAAAAAAAAA
Case #99:
CBAAAAAAAAAAA
Case #100:
CAB
